# JRE version: Java(TM) SE Runtime Environment 18.9 (11.0.17+10) (build 11.0.17+10-LTS-269)
# Java VM: Java HotSpot(TM) 64-Bit Server VM 18.9 (11.0.17+10-LTS-269, mixed mode, tiered, compressed oops, g1 gc, linux-amd64)
Heap:
 garbage-first heap   total 356352K, used 203671K [0x0000000086200000, 0x0000000100000000)
  region size 1024K, 48 young (49152K), 6 survivors (6144K)
 Metaspace       used 70024K, capacity 72083K, committed 72356K, reserved 1112064K
  class space    used 8044K, capacity 8934K, committed 8960K, reserved 1048576K
GC Heap History (10 events):
Event: 361.097 GC heap before
{Heap before GC invocations=46 (full 0):
 garbage-first heap   total 356352K, used 255611K [0x0000000086200000, 0x0000000100000000)
  region size 1024K, 8 young (8192K), 5 survivors (5120K)
 Metaspace       used 69399K, capacity 71403K, committed 71588K, reserved 1112064K
  class space    used 8024K, capacity 8908K, committed 8960K, reserved 1048576K
}
Event: 361.113 GC heap after
{Heap after GC invocations=47 (full 0):
 garbage-first heap   total 356352K, used 177393K [0x0000000086200000, 0x0000000100000000)
  region size 1024K, 2 young (2048K), 2 survivors (2048K)
 Metaspace       used 69399K, capacity 71403K, committed 71588K, reserved 1112064K
  class space    used 8024K, capacity 8908K, committed 8960K, reserved 1048576K
}
Event: 363.278 GC heap before
{Heap before GC invocations=48 (full 0):
 garbage-first heap   total 356352K, used 255217K [0x0000000086200000, 0x0000000100000000)
  region size 1024K, 4 young (4096K), 2 survivors (2048K)
 Metaspace       used 69435K, capacity 71467K, committed 71588K, reserved 1112064K
  class space    used 8024K, capacity 8908K, committed 8960K, reserved 1048576K
}
Event: 363.281 GC heap after
{Heap after GC invocations=49 (full 0):
 garbage-first heap   total 356352K, used 176753K [0x0000000086200000, 0x0000000100000000)
  region size 1024K, 1 young (1024K), 1 survivors (1024K)
 Metaspace       used 69435K, capacity 71467K, committed 71588K, reserved 1112064K
  class space    used 8024K, capacity 8908K, committed 8960K, reserved 1048576K
}
Event: 363.345 GC heap before
{Heap before GC invocations=50 (full 0):
 garbage-first heap   total 356352K, used 194161K [0x0000000086200000, 0x0000000100000000)
  region size 1024K, 3 young (3072K), 1 survivors (1024K)
 Metaspace       used 69440K, capacity 71531K, committed 71588K, reserved 1112064K
  class space    used 8024K, capacity 8908K, committed 8960K, reserved 1048576K
}
Event: 363.349 GC heap after
{Heap after GC invocations=51 (full 0):
 garbage-first heap   total 356352K, used 193246K [0x0000000086200000, 0x0000000100000000)
  region size 1024K, 1 young (1024K), 1 survivors (1024K)
 Metaspace       used 69440K, capacity 71531K, committed 71588K, reserved 1112064K
  class space    used 8024K, capacity 8908K, committed 8960K, reserved 1048576K
}
Event: 371.480 GC heap before
{Heap before GC invocations=52 (full 0):
 garbage-first heap   total 356352K, used 206558K [0x0000000086200000, 0x0000000100000000)
  region size 1024K, 6 young (6144K), 1 survivors (1024K)
 Metaspace       used 69495K, capacity 71531K, committed 71588K, reserved 1112064K
  class space    used 8024K, capacity 8908K, committed 8960K, reserved 1048576K
}
Event: 371.486 GC heap after
{Heap after GC invocations=53 (full 0):
 garbage-first heap   total 356352K, used 126418K [0x0000000086200000, 0x0000000100000000)
  region size 1024K, 2 young (2048K), 2 survivors (2048K)
 Metaspace       used 69495K, capacity 71531K, committed 71588K, reserved 1112064K
  class space    used 8024K, capacity 8908K, committed 8960K, reserved 1048576K
}
Event: 391.850 GC heap before
{Heap before GC invocations=54 (full 0):
 garbage-first heap   total 356352K, used 235986K [0x0000000086200000, 0x0000000100000000)
  region size 1024K, 76 young (77824K), 2 survivors (2048K)
 Metaspace       used 69927K, capacity 72013K, committed 72100K, reserved 1112064K
  class space    used 8037K, capacity 8932K, committed 8960K, reserved 1048576K
}
Event: 391.870 GC heap after
{Heap after GC invocations=55 (full 0):
 garbage-first heap   total 356352K, used 159639K [0x0000000086200000, 0x0000000100000000)
  region size 1024K, 6 young (6144K), 6 survivors (6144K)
 Metaspace       used 69927K, capacity 72013K, committed 72100K, reserved 1112064K
  class space    used 8037K, capacity 8932K, committed 8960K, reserved 1048576K
}

