# JRE version: Java(TM) SE Runtime Environment 18.9 (11.0.17+10) (build 11.0.17+10-LTS-269)
# Java VM: Java HotSpot(TM) 64-Bit Server VM 18.9 (11.0.17+10-LTS-269, mixed mode, tiered, compressed oops, g1 gc, linux-amd64)
Heap:
 garbage-first heap   total 202752K, used 164978K [0x0000000086200000, 0x0000000100000000)
  region size 1024K, 7 young (7168K), 1 survivors (1024K)
 Metaspace       used 66451K, capacity 68422K, committed 68864K, reserved 1110016K
  class space    used 7986K, capacity 8836K, committed 8960K, reserved 1048576K
GC Heap History (10 events):
Event: 644.163 GC heap before
{Heap before GC invocations=78 (full 0):
 garbage-first heap   total 202752K, used 171564K [0x0000000086200000, 0x0000000100000000)
  region size 1024K, 13 young (13312K), 1 survivors (1024K)
 Metaspace       used 66403K, capacity 68326K, committed 68480K, reserved 1110016K
  class space    used 7985K, capacity 8804K, committed 8832K, reserved 1048576K
}
Event: 644.167 GC heap after
{Heap after GC invocations=79 (full 0):
 garbage-first heap   total 202752K, used 159377K [0x0000000086200000, 0x0000000100000000)
  region size 1024K, 1 young (1024K), 1 survivors (1024K)
 Metaspace       used 66403K, capacity 68326K, committed 68480K, reserved 1110016K
  class space    used 7985K, capacity 8804K, committed 8832K, reserved 1048576K
}
Event: 842.064 GC heap before
{Heap before GC invocations=80 (full 0):
 garbage-first heap   total 202752K, used 172689K [0x0000000086200000, 0x0000000100000000)
  region size 1024K, 14 young (14336K), 1 survivors (1024K)
 Metaspace       used 66439K, capacity 68326K, committed 68480K, reserved 1110016K
  class space    used 7985K, capacity 8804K, committed 8832K, reserved 1048576K
}
Event: 842.069 GC heap after
{Heap after GC invocations=81 (full 0):
 garbage-first heap   total 202752K, used 159485K [0x0000000086200000, 0x0000000100000000)
  region size 1024K, 1 young (1024K), 1 survivors (1024K)
 Metaspace       used 66439K, capacity 68326K, committed 68480K, reserved 1110016K
  class space    used 7985K, capacity 8804K, committed 8832K, reserved 1048576K
}
Event: 1061.392 GC heap before
{Heap before GC invocations=81 (full 0):
 garbage-first heap   total 202752K, used 172797K [0x0000000086200000, 0x0000000100000000)
  region size 1024K, 14 young (14336K), 1 survivors (1024K)
 Metaspace       used 66440K, capacity 68326K, committed 68480K, reserved 1110016K
  class space    used 7985K, capacity 8804K, committed 8832K, reserved 1048576K
}
Event: 1061.398 GC heap after
{Heap after GC invocations=82 (full 0):
 garbage-first heap   total 202752K, used 159608K [0x0000000086200000, 0x0000000100000000)
  region size 1024K, 1 young (1024K), 1 survivors (1024K)
 Metaspace       used 66440K, capacity 68326K, committed 68480K, reserved 1110016K
  class space    used 7985K, capacity 8804K, committed 8832K, reserved 1048576K
}
Event: 1295.306 GC heap before
{Heap before GC invocations=83 (full 0):
 garbage-first heap   total 202752K, used 173944K [0x0000000086200000, 0x0000000100000000)
  region size 1024K, 15 young (15360K), 1 survivors (1024K)
 Metaspace       used 66441K, capacity 68326K, committed 68480K, reserved 1110016K
  class space    used 7985K, capacity 8804K, committed 8832K, reserved 1048576K
}
Event: 1295.313 GC heap after
{Heap after GC invocations=84 (full 0):
 garbage-first heap   total 202752K, used 159731K [0x0000000086200000, 0x0000000100000000)
  region size 1024K, 1 young (1024K), 1 survivors (1024K)
 Metaspace       used 66441K, capacity 68326K, committed 68480K, reserved 1110016K
  class space    used 7985K, capacity 8804K, committed 8832K, reserved 1048576K
}
Event: 1531.083 GC heap before
{Heap before GC invocations=84 (full 0):
 garbage-first heap   total 202752K, used 174067K [0x0000000086200000, 0x0000000100000000)
  region size 1024K, 15 young (15360K), 1 survivors (1024K)
 Metaspace       used 66441K, capacity 68326K, committed 68480K, reserved 1110016K
  class space    used 7985K, capacity 8804K, committed 8832K, reserved 1048576K
}
Event: 1531.089 GC heap after
{Heap after GC invocations=85 (full 0):
 garbage-first heap   total 202752K, used 159858K [0x0000000086200000, 0x0000000100000000)
  region size 1024K, 1 young (1024K), 1 survivors (1024K)
 Metaspace       used 66441K, capacity 68326K, committed 68480K, reserved 1110016K
  class space    used 7985K, capacity 8804K, committed 8832K, reserved 1048576K
}

