# JRE version: OpenJDK Runtime Environment Corretto-17.0.9.8.1 (17.0.9+8) (build 17.0.9+8-LTS)
# Java VM: OpenJDK 64-Bit Server VM Corretto-17.0.9.8.1 (17.0.9+8-LTS, mixed mode, sharing, tiered, compressed oops, compressed class ptrs, g1 gc, linux-amd64)
GC Precious Log:
 CPUs: 8 total, 8 available
 Memory: 7793M
 Large Page Support: Disabled
 NUMA Support: Disabled
 Compressed Oops: Enabled (32-bit)
 Heap Region Size: 1M
 Heap Min Capacity: 8M
 Heap Initial Capacity: 122M
 Heap Max Capacity: 1950M
 Pre-touch: Disabled
 Parallel Workers: 8
 Concurrent Workers: 2
 Concurrent Refinement Workers: 8
 Periodic GC: Disabled
Heap:
 garbage-first heap   total 419840K, used 345737K [0x0000000086200000, 0x0000000100000000)
  region size 1024K, 158 young (161792K), 3 survivors (3072K)
 Metaspace       used 62120K, committed 62528K, reserved 1114112K
  class space    used 7597K, committed 7808K, reserved 1048576K
GC Heap History (20 events):
Event: 20.322 GC heap before
{Heap before GC invocations=15 (full 0):
 garbage-first heap   total 419840K, used 192532K [0x0000000086200000, 0x0000000100000000)
  region size 1024K, 6 young (6144K), 4 survivors (4096K)
 Metaspace       used 25685K, committed 25920K, reserved 1114112K
  class space    used 3466K, committed 3584K, reserved 1048576K
}
Event: 20.325 GC heap after
{Heap after GC invocations=16 (full 0):
 garbage-first heap   total 419840K, used 191835K [0x0000000086200000, 0x0000000100000000)
  region size 1024K, 5 young (5120K), 5 survivors (5120K)
 Metaspace       used 25685K, committed 25920K, reserved 1114112K
  class space    used 3466K, committed 3584K, reserved 1048576K
}
Event: 20.346 GC heap before
{Heap before GC invocations=17 (full 0):
 garbage-first heap   total 419840K, used 197979K [0x0000000086200000, 0x0000000100000000)
  region size 1024K, 6 young (6144K), 5 survivors (5120K)
 Metaspace       used 25724K, committed 25984K, reserved 1114112K
  class space    used 3469K, committed 3584K, reserved 1048576K
}
Event: 20.349 GC heap after
{Heap after GC invocations=18 (full 0):
 garbage-first heap   total 419840K, used 198104K [0x0000000086200000, 0x0000000100000000)
  region size 1024K, 5 young (5120K), 5 survivors (5120K)
 Metaspace       used 25724K, committed 25984K, reserved 1114112K
  class space    used 3469K, committed 3584K, reserved 1048576K
}
Event: 20.378 GC heap before
{Heap before GC invocations=19 (full 0):
 garbage-first heap   total 419840K, used 201176K [0x0000000086200000, 0x0000000100000000)
  region size 1024K, 7 young (7168K), 5 survivors (5120K)
 Metaspace       used 25779K, committed 26048K, reserved 1114112K
  class space    used 3472K, committed 3584K, reserved 1048576K
}
Event: 20.381 GC heap after
{Heap after GC invocations=20 (full 0):
 garbage-first heap   total 419840K, used 200248K [0x0000000086200000, 0x0000000100000000)
  region size 1024K, 5 young (5120K), 5 survivors (5120K)
 Metaspace       used 25779K, committed 26048K, reserved 1114112K
  class space    used 3472K, committed 3584K, reserved 1048576K
}
Event: 25.797 GC heap before
{Heap before GC invocations=21 (full 0):
 garbage-first heap   total 419840K, used 281144K [0x0000000086200000, 0x0000000100000000)
  region size 1024K, 83 young (84992K), 5 survivors (5120K)
 Metaspace       used 43040K, committed 43328K, reserved 1114112K
  class space    used 5348K, committed 5504K, reserved 1048576K
}
Event: 25.805 GC heap after
{Heap after GC invocations=22 (full 0):
 garbage-first heap   total 419840K, used 131867K [0x0000000086200000, 0x0000000100000000)
  region size 1024K, 10 young (10240K), 10 survivors (10240K)
 Metaspace       used 43040K, committed 43328K, reserved 1114112K
  class space    used 5348K, committed 5504K, reserved 1048576K
}
Event: 122.710 GC heap before
{Heap before GC invocations=23 (full 0):
 garbage-first heap   total 419840K, used 353051K [0x0000000086200000, 0x0000000100000000)
  region size 1024K, 163 young (166912K), 10 survivors (10240K)
 Metaspace       used 58436K, committed 58816K, reserved 1114112K
  class space    used 7233K, committed 7424K, reserved 1048576K
}
Event: 122.723 GC heap after
{Heap after GC invocations=24 (full 0):
 garbage-first heap   total 419840K, used 177243K [0x0000000086200000, 0x0000000100000000)
  region size 1024K, 23 young (23552K), 23 survivors (23552K)
 Metaspace       used 58436K, committed 58816K, reserved 1114112K
  class space    used 7233K, committed 7424K, reserved 1048576K
}
Event: 141.030 GC heap before
{Heap before GC invocations=24 (full 0):
 garbage-first heap   total 419840K, used 349275K [0x0000000086200000, 0x0000000100000000)
  region size 1024K, 175 young (179200K), 23 survivors (23552K)
 Metaspace       used 60982K, committed 61376K, reserved 1114112K
  class space    used 7530K, committed 7680K, reserved 1048576K
}
Event: 141.045 GC heap after
{Heap after GC invocations=25 (full 0):
 garbage-first heap   total 419840K, used 186000K [0x0000000086200000, 0x0000000100000000)
  region size 1024K, 4 young (4096K), 4 survivors (4096K)
 Metaspace       used 60982K, committed 61376K, reserved 1114112K
  class space    used 7530K, committed 7680K, reserved 1048576K
}
Event: 151.189 GC heap before
{Heap before GC invocations=25 (full 0):
 garbage-first heap   total 419840K, used 343696K [0x0000000086200000, 0x0000000100000000)
  region size 1024K, 159 young (162816K), 4 survivors (4096K)
 Metaspace       used 61156K, committed 61504K, reserved 1114112K
  class space    used 7531K, committed 7680K, reserved 1048576K
}
Event: 151.197 GC heap after
{Heap after GC invocations=26 (full 0):
 garbage-first heap   total 419840K, used 184933K [0x0000000086200000, 0x0000000100000000)
  region size 1024K, 3 young (3072K), 3 survivors (3072K)
 Metaspace       used 61156K, committed 61504K, reserved 1114112K
  class space    used 7531K, committed 7680K, reserved 1048576K
}
Event: 162.183 GC heap before
{Heap before GC invocations=26 (full 0):
 garbage-first heap   total 419840K, used 352869K [0x0000000086200000, 0x0000000100000000)
  region size 1024K, 168 young (172032K), 3 survivors (3072K)
 Metaspace       used 61217K, committed 61632K, reserved 1114112K
  class space    used 7531K, committed 7680K, reserved 1048576K
}
Event: 162.186 GC heap after
{Heap after GC invocations=27 (full 0):
 garbage-first heap   total 419840K, used 184550K [0x0000000086200000, 0x0000000100000000)
  region size 1024K, 3 young (3072K), 3 survivors (3072K)
 Metaspace       used 61217K, committed 61632K, reserved 1114112K
  class space    used 7531K, committed 7680K, reserved 1048576K
}
Event: 184.929 GC heap before
{Heap before GC invocations=27 (full 0):
 garbage-first heap   total 419840K, used 360678K [0x0000000086200000, 0x0000000100000000)
  region size 1024K, 172 young (176128K), 3 survivors (3072K)
 Metaspace       used 61902K, committed 62336K, reserved 1114112K
  class space    used 7595K, committed 7808K, reserved 1048576K
}
Event: 184.933 GC heap after
{Heap after GC invocations=28 (full 0):
 garbage-first heap   total 419840K, used 189072K [0x0000000086200000, 0x0000000100000000)
  region size 1024K, 3 young (3072K), 3 survivors (3072K)
 Metaspace       used 61902K, committed 62336K, reserved 1114112K
  class space    used 7595K, committed 7808K, reserved 1048576K
}
Event: 197.304 GC heap before
{Heap before GC invocations=28 (full 0):
 garbage-first heap   total 419840K, used 360080K [0x0000000086200000, 0x0000000100000000)
  region size 1024K, 171 young (175104K), 3 survivors (3072K)
 Metaspace       used 61952K, committed 62400K, reserved 1114112K
  class space    used 7595K, committed 7808K, reserved 1048576K
}
Event: 197.312 GC heap after
{Heap after GC invocations=29 (full 0):
 garbage-first heap   total 419840K, used 189065K [0x0000000086200000, 0x0000000100000000)
  region size 1024K, 3 young (3072K), 3 survivors (3072K)
 Metaspace       used 61952K, committed 62400K, reserved 1114112K
  class space    used 7595K, committed 7808K, reserved 1048576K
}

