# JRE version: Java(TM) SE Runtime Environment 18.9 (11.0.17+10) (build 11.0.17+10-LTS-269)
# Java VM: Java HotSpot(TM) 64-Bit Server VM 18.9 (11.0.17+10-LTS-269, mixed mode, tiered, compressed oops, g1 gc, linux-amd64)
Heap:
 garbage-first heap   total 125952K, used 64005K [0x0000000086200000, 0x0000000100000000)
  region size 1024K, 17 young (17408K), 2 survivors (2048K)
 Metaspace       used 61655K, capacity 62979K, committed 63232K, reserved 1103872K
  class space    used 7260K, capacity 7866K, committed 7936K, reserved 1048576K
GC Heap History (10 events):
Event: 25.690 GC heap before
{Heap before GC invocations=21 (full 0):
 garbage-first heap   total 124928K, used 123135K [0x0000000086200000, 0x0000000100000000)
  region size 1024K, 6 young (6144K), 1 survivors (1024K)
 Metaspace       used 35625K, capacity 36559K, committed 36608K, reserved 1081344K
  class space    used 4406K, capacity 4847K, committed 4864K, reserved 1048576K
}
Event: 25.693 GC heap after
{Heap after GC invocations=22 (full 0):
 garbage-first heap   total 125952K, used 118417K [0x0000000086200000, 0x0000000100000000)
  region size 1024K, 1 young (1024K), 1 survivors (1024K)
 Metaspace       used 35625K, capacity 36559K, committed 36608K, reserved 1081344K
  class space    used 4406K, capacity 4847K, committed 4864K, reserved 1048576K
}
Event: 25.836 GC heap before
{Heap before GC invocations=23 (full 0):
 garbage-first heap   total 125952K, used 46737K [0x0000000086200000, 0x0000000100000000)
  region size 1024K, 6 young (6144K), 1 survivors (1024K)
 Metaspace       used 36594K, capacity 37602K, committed 37888K, reserved 1081344K
  class space    used 4602K, capacity 5043K, committed 5120K, reserved 1048576K
}
Event: 25.839 GC heap after
{Heap after GC invocations=24 (full 0):
 garbage-first heap   total 125952K, used 41912K [0x0000000086200000, 0x0000000100000000)
  region size 1024K, 1 young (1024K), 1 survivors (1024K)
 Metaspace       used 36594K, capacity 37602K, committed 37888K, reserved 1081344K
  class space    used 4602K, capacity 5043K, committed 5120K, reserved 1048576K
}
Event: 26.680 GC heap before
{Heap before GC invocations=24 (full 0):
 garbage-first heap   total 125952K, used 73656K [0x0000000086200000, 0x0000000100000000)
  region size 1024K, 33 young (33792K), 1 survivors (1024K)
 Metaspace       used 43960K, capacity 45068K, committed 45184K, reserved 1089536K
  class space    used 5447K, capacity 5959K, committed 6016K, reserved 1048576K
}
Event: 26.684 GC heap after
{Heap after GC invocations=25 (full 0):
 garbage-first heap   total 125952K, used 45231K [0x0000000086200000, 0x0000000100000000)
  region size 1024K, 4 young (4096K), 4 survivors (4096K)
 Metaspace       used 43960K, capacity 45068K, committed 45184K, reserved 1089536K
  class space    used 5447K, capacity 5959K, committed 6016K, reserved 1048576K
}
Event: 51.165 GC heap before
{Heap before GC invocations=25 (full 0):
 garbage-first heap   total 125952K, used 79023K [0x0000000086200000, 0x0000000100000000)
  region size 1024K, 37 young (37888K), 4 survivors (4096K)
 Metaspace       used 55563K, capacity 56849K, committed 57216K, reserved 1099776K
  class space    used 6809K, capacity 7430K, committed 7552K, reserved 1048576K
}
Event: 51.172 GC heap after
{Heap after GC invocations=26 (full 0):
 garbage-first heap   total 125952K, used 48407K [0x0000000086200000, 0x0000000100000000)
  region size 1024K, 4 young (4096K), 4 survivors (4096K)
 Metaspace       used 55563K, capacity 56849K, committed 57216K, reserved 1099776K
  class space    used 6809K, capacity 7430K, committed 7552K, reserved 1048576K
}
Event: 51.629 GC heap before
{Heap before GC invocations=26 (full 0):
 garbage-first heap   total 125952K, used 78103K [0x0000000086200000, 0x0000000100000000)
  region size 1024K, 35 young (35840K), 4 survivors (4096K)
 Metaspace       used 60114K, capacity 61385K, committed 61568K, reserved 1103872K
  class space    used 7173K, capacity 7787K, committed 7808K, reserved 1048576K
}
Event: 51.636 GC heap after
{Heap after GC invocations=27 (full 0):
 garbage-first heap   total 125952K, used 49669K [0x0000000086200000, 0x0000000100000000)
  region size 1024K, 2 young (2048K), 2 survivors (2048K)
 Metaspace       used 60114K, capacity 61385K, committed 61568K, reserved 1103872K
  class space    used 7173K, capacity 7787K, committed 7808K, reserved 1048576K
}

