# JRE version: Java(TM) SE Runtime Environment 18.9 (11.0.17+10) (build 11.0.17+10-LTS-269)
# Java VM: Java HotSpot(TM) 64-Bit Server VM 18.9 (11.0.17+10-LTS-269, mixed mode, tiered, compressed oops, g1 gc, linux-amd64)
Heap:
 garbage-first heap   total 124928K, used 66657K [0x0000000086200000, 0x0000000100000000)
  region size 1024K, 20 young (20480K), 1 survivors (1024K)
 Metaspace       used 59550K, capacity 61269K, committed 61560K, reserved 1101824K
  class space    used 7465K, capacity 8235K, committed 8320K, reserved 1048576K
GC Heap History (10 events):
Event: 94.242 GC heap before
{Heap before GC invocations=24 (full 0):
 garbage-first heap   total 124928K, used 76645K [0x0000000086200000, 0x0000000100000000)
  region size 1024K, 31 young (31744K), 1 survivors (1024K)
 Metaspace       used 38730K, capacity 40204K, committed 40448K, reserved 1083392K
  class space    used 4938K, capacity 5552K, committed 5632K, reserved 1048576K
}
Event: 94.247 GC heap after
{Heap after GC invocations=25 (full 0):
 garbage-first heap   total 124928K, used 51236K [0x0000000086200000, 0x0000000100000000)
  region size 1024K, 4 young (4096K), 4 survivors (4096K)
 Metaspace       used 38730K, capacity 40204K, committed 40448K, reserved 1083392K
  class space    used 4938K, capacity 5552K, committed 5632K, reserved 1048576K
}
Event: 94.873 GC heap before
{Heap before GC invocations=25 (full 0):
 garbage-first heap   total 124928K, used 79908K [0x0000000086200000, 0x0000000100000000)
  region size 1024K, 32 young (32768K), 4 survivors (4096K)
 Metaspace       used 44737K, capacity 46273K, committed 46336K, reserved 1089536K
  class space    used 5760K, capacity 6399K, committed 6400K, reserved 1048576K
}
Event: 94.879 GC heap after
{Heap after GC invocations=26 (full 0):
 garbage-first heap   total 124928K, used 54300K [0x0000000086200000, 0x0000000100000000)
  region size 1024K, 3 young (3072K), 3 survivors (3072K)
 Metaspace       used 44737K, capacity 46273K, committed 46336K, reserved 1089536K
  class space    used 5760K, capacity 6399K, committed 6400K, reserved 1048576K
}
Event: 96.303 GC heap before
{Heap before GC invocations=26 (full 0):
 garbage-first heap   total 124928K, used 81948K [0x0000000086200000, 0x0000000100000000)
  region size 1024K, 31 young (31744K), 3 survivors (3072K)
 Metaspace       used 57307K, capacity 59013K, committed 59264K, reserved 1099776K
  class space    used 7269K, capacity 8038K, committed 8064K, reserved 1048576K
}
Event: 96.309 GC heap after
{Heap after GC invocations=27 (full 0):
 garbage-first heap   total 124928K, used 57622K [0x0000000086200000, 0x0000000100000000)
  region size 1024K, 4 young (4096K), 4 survivors (4096K)
 Metaspace       used 57307K, capacity 59013K, committed 59264K, reserved 1099776K
  class space    used 7269K, capacity 8038K, committed 8064K, reserved 1048576K
}
Event: 475.249 GC heap before
{Heap before GC invocations=28 (full 0):
 garbage-first heap   total 124928K, used 77078K [0x0000000086200000, 0x0000000100000000)
  region size 1024K, 33 young (33792K), 4 survivors (4096K)
 Metaspace       used 59436K, capacity 61199K, committed 61560K, reserved 1101824K
  class space    used 7460K, capacity 8233K, committed 8320K, reserved 1048576K
}
Event: 475.257 GC heap after
{Heap after GC invocations=29 (full 0):
 garbage-first heap   total 124928K, used 48443K [0x0000000086200000, 0x0000000100000000)
  region size 1024K, 2 young (2048K), 2 survivors (2048K)
 Metaspace       used 59436K, capacity 61199K, committed 61560K, reserved 1101824K
  class space    used 7460K, capacity 8233K, committed 8320K, reserved 1048576K
}
Event: 1086.389 GC heap before
{Heap before GC invocations=29 (full 0):
 garbage-first heap   total 124928K, used 82235K [0x0000000086200000, 0x0000000100000000)
  region size 1024K, 35 young (35840K), 2 survivors (2048K)
 Metaspace       used 59492K, capacity 61263K, committed 61560K, reserved 1101824K
  class space    used 7460K, capacity 8233K, committed 8320K, reserved 1048576K
}
Event: 1086.396 GC heap after
{Heap after GC invocations=30 (full 0):
 garbage-first heap   total 124928K, used 48225K [0x0000000086200000, 0x0000000100000000)
  region size 1024K, 1 young (1024K), 1 survivors (1024K)
 Metaspace       used 59492K, capacity 61263K, committed 61560K, reserved 1101824K
  class space    used 7460K, capacity 8233K, committed 8320K, reserved 1048576K
}

