# JRE version: OpenJDK Runtime Environment Corretto-17.0.9.8.1 (17.0.9+8) (build 17.0.9+8-LTS)
# Java VM: OpenJDK 64-Bit Server VM Corretto-17.0.9.8.1 (17.0.9+8-LTS, mixed mode, sharing, tiered, compressed oops, compressed class ptrs, g1 gc, linux-amd64)
GC Precious Log:
 CPUs: 8 total, 8 available
 Memory: 7793M
 Large Page Support: Disabled
 NUMA Support: Disabled
 Compressed Oops: Enabled (32-bit)
 Heap Region Size: 1M
 Heap Min Capacity: 8M
 Heap Initial Capacity: 122M
 Heap Max Capacity: 1950M
 Pre-touch: Disabled
 Parallel Workers: 8
 Concurrent Workers: 2
 Concurrent Refinement Workers: 8
 Periodic GC: Disabled
Heap:
 garbage-first heap   total 234496K, used 189635K [0x0000000086200000, 0x0000000100000000)
  region size 1024K, 54 young (55296K), 5 survivors (5120K)
 Metaspace       used 37390K, committed 37760K, reserved 1114112K
  class space    used 4691K, committed 4864K, reserved 1048576K
GC Heap History (20 events):
Event: 7.078 GC heap before
{Heap before GC invocations=6 (full 0):
 garbage-first heap   total 157696K, used 128328K [0x0000000086200000, 0x0000000100000000)
  region size 1024K, 7 young (7168K), 5 survivors (5120K)
 Metaspace       used 25849K, committed 26048K, reserved 1114112K
  class space    used 3482K, committed 3584K, reserved 1048576K
}
Event: 7.082 GC heap after
{Heap after GC invocations=7 (full 0):
 garbage-first heap   total 157696K, used 128069K [0x0000000086200000, 0x0000000100000000)
  region size 1024K, 1 young (1024K), 1 survivors (1024K)
 Metaspace       used 25849K, committed 26048K, reserved 1114112K
  class space    used 3482K, committed 3584K, reserved 1048576K
}
Event: 7.120 GC heap before
{Heap before GC invocations=7 (full 0):
 garbage-first heap   total 157696K, used 135237K [0x0000000086200000, 0x0000000100000000)
  region size 1024K, 8 young (8192K), 1 survivors (1024K)
 Metaspace       used 25942K, committed 26112K, reserved 1114112K
  class space    used 3492K, committed 3584K, reserved 1048576K
}
Event: 7.122 GC heap after
{Heap after GC invocations=8 (full 0):
 garbage-first heap   total 157696K, used 127763K [0x0000000086200000, 0x0000000100000000)
  region size 1024K, 1 young (1024K), 1 survivors (1024K)
 Metaspace       used 25942K, committed 26112K, reserved 1114112K
  class space    used 3492K, committed 3584K, reserved 1048576K
}
Event: 7.490 GC heap before
{Heap before GC invocations=9 (full 0):
 garbage-first heap   total 157696K, used 59155K [0x0000000086200000, 0x0000000100000000)
  region size 1024K, 9 young (9216K), 1 survivors (1024K)
 Metaspace       used 31467K, committed 31744K, reserved 1114112K
  class space    used 4151K, committed 4288K, reserved 1048576K
}
Event: 7.492 GC heap after
{Heap after GC invocations=10 (full 0):
 garbage-first heap   total 157696K, used 51931K [0x0000000086200000, 0x0000000100000000)
  region size 1024K, 2 young (2048K), 2 survivors (2048K)
 Metaspace       used 31467K, committed 31744K, reserved 1114112K
  class space    used 4151K, committed 4288K, reserved 1048576K
}
Event: 13.136 GC heap before
{Heap before GC invocations=11 (full 0):
 garbage-first heap   total 157696K, used 126683K [0x0000000086200000, 0x0000000100000000)
  region size 1024K, 72 young (73728K), 2 survivors (2048K)
 Metaspace       used 34879K, committed 35200K, reserved 1114112K
  class space    used 4511K, committed 4672K, reserved 1048576K
}
Event: 13.144 GC heap after
{Heap after GC invocations=12 (full 0):
 garbage-first heap   total 157696K, used 58296K [0x0000000086200000, 0x0000000100000000)
  region size 1024K, 4 young (4096K), 4 survivors (4096K)
 Metaspace       used 34879K, committed 35200K, reserved 1114112K
  class space    used 4511K, committed 4672K, reserved 1048576K
}
Event: 17.680 GC heap before
{Heap before GC invocations=12 (full 0):
 garbage-first heap   total 157696K, used 124856K [0x0000000086200000, 0x0000000100000000)
  region size 1024K, 70 young (71680K), 4 survivors (4096K)
 Metaspace       used 35225K, committed 35520K, reserved 1114112K
  class space    used 4530K, committed 4672K, reserved 1048576K
}
Event: 17.689 GC heap after
{Heap after GC invocations=13 (full 0):
 garbage-first heap   total 157696K, used 58109K [0x0000000086200000, 0x0000000100000000)
  region size 1024K, 4 young (4096K), 4 survivors (4096K)
 Metaspace       used 35225K, committed 35520K, reserved 1114112K
  class space    used 4530K, committed 4672K, reserved 1048576K
}
Event: 22.423 GC heap before
{Heap before GC invocations=13 (full 0):
 garbage-first heap   total 157696K, used 127741K [0x0000000086200000, 0x0000000100000000)
  region size 1024K, 73 young (74752K), 4 survivors (4096K)
 Metaspace       used 35457K, committed 35776K, reserved 1114112K
  class space    used 4531K, committed 4672K, reserved 1048576K
}
Event: 22.430 GC heap after
{Heap after GC invocations=14 (full 0):
 garbage-first heap   total 157696K, used 58171K [0x0000000086200000, 0x0000000100000000)
  region size 1024K, 4 young (4096K), 4 survivors (4096K)
 Metaspace       used 35457K, committed 35776K, reserved 1114112K
  class space    used 4531K, committed 4672K, reserved 1048576K
}
Event: 27.305 GC heap before
{Heap before GC invocations=14 (full 0):
 garbage-first heap   total 157696K, used 129851K [0x0000000086200000, 0x0000000100000000)
  region size 1024K, 75 young (76800K), 4 survivors (4096K)
 Metaspace       used 35702K, committed 36096K, reserved 1114112K
  class space    used 4531K, committed 4736K, reserved 1048576K
}
Event: 27.314 GC heap after
{Heap after GC invocations=15 (full 0):
 garbage-first heap   total 157696K, used 58460K [0x0000000086200000, 0x0000000100000000)
  region size 1024K, 4 young (4096K), 4 survivors (4096K)
 Metaspace       used 35702K, committed 36096K, reserved 1114112K
  class space    used 4531K, committed 4736K, reserved 1048576K
}
Event: 57.521 GC heap before
{Heap before GC invocations=15 (full 0):
 garbage-first heap   total 157696K, used 135260K [0x0000000086200000, 0x0000000100000000)
  region size 1024K, 76 young (77824K), 4 survivors (4096K)
 Metaspace       used 36572K, committed 36864K, reserved 1114112K
  class space    used 4662K, committed 4800K, reserved 1048576K
}
Event: 57.530 GC heap after
{Heap after GC invocations=16 (full 0):
 garbage-first heap   total 157696K, used 62952K [0x0000000086200000, 0x0000000100000000)
  region size 1024K, 5 young (5120K), 5 survivors (5120K)
 Metaspace       used 36572K, committed 36864K, reserved 1114112K
  class space    used 4662K, committed 4800K, reserved 1048576K
}
Event: 319.262 GC heap before
{Heap before GC invocations=16 (full 0):
 garbage-first heap   total 157696K, used 105960K [0x0000000086200000, 0x0000000100000000)
  region size 1024K, 49 young (50176K), 5 survivors (5120K)
 Metaspace       used 36991K, committed 37312K, reserved 1114112K
  class space    used 4663K, committed 4800K, reserved 1048576K
}
Event: 319.271 GC heap after
{Heap after GC invocations=17 (full 0):
 garbage-first heap   total 157696K, used 62897K [0x0000000086200000, 0x0000000100000000)
  region size 1024K, 4 young (4096K), 4 survivors (4096K)
 Metaspace       used 36991K, committed 37312K, reserved 1114112K
  class space    used 4663K, committed 4800K, reserved 1048576K
}
Event: 1788.538 GC heap before
{Heap before GC invocations=17 (full 0):
 garbage-first heap   total 234496K, used 210353K [0x0000000086200000, 0x0000000100000000)
  region size 1024K, 73 young (74752K), 4 survivors (4096K)
 Metaspace       used 37141K, committed 37440K, reserved 1114112K
  class space    used 4663K, committed 4800K, reserved 1048576K
}
Event: 1788.546 GC heap after
{Heap after GC invocations=18 (full 0):
 garbage-first heap   total 234496K, used 140483K [0x0000000086200000, 0x0000000100000000)
  region size 1024K, 5 young (5120K), 5 survivors (5120K)
 Metaspace       used 37141K, committed 37440K, reserved 1114112K
  class space    used 4663K, committed 4800K, reserved 1048576K
}

