# JRE version: Java(TM) SE Runtime Environment 18.9 (11.0.17+10) (build 11.0.17+10-LTS-269)
# Java VM: Java HotSpot(TM) 64-Bit Server VM 18.9 (11.0.17+10-LTS-269, mixed mode, tiered, compressed oops, g1 gc, linux-amd64)
Heap:
 garbage-first heap   total 124928K, used 72846K [0x0000000086200000, 0x0000000100000000)
  region size 1024K, 16 young (16384K), 1 survivors (1024K)
 Metaspace       used 64216K, capacity 65624K, committed 67064K, reserved 1107968K
  class space    used 7629K, capacity 8253K, committed 8704K, reserved 1048576K
GC Heap History (10 events):
Event: 1243.001 GC heap before
{Heap before GC invocations=34 (full 0):
 garbage-first heap   total 124928K, used 66398K [0x0000000086200000, 0x0000000100000000)
  region size 1024K, 6 young (6144K), 2 survivors (2048K)
 Metaspace       used 64915K, capacity 66648K, committed 66808K, reserved 1107968K
  class space    used 7820K, capacity 8595K, committed 8704K, reserved 1048576K
}
Event: 1243.007 GC heap after
{Heap after GC invocations=35 (full 0):
 garbage-first heap   total 124928K, used 61278K [0x0000000086200000, 0x0000000100000000)
  region size 1024K, 1 young (1024K), 1 survivors (1024K)
 Metaspace       used 64915K, capacity 66648K, committed 66808K, reserved 1107968K
  class space    used 7820K, capacity 8595K, committed 8704K, reserved 1048576K
}
Event: 1912.447 GC heap before
{Heap before GC invocations=35 (full 0):
 garbage-first heap   total 124928K, used 94046K [0x0000000086200000, 0x0000000100000000)
  region size 1024K, 33 young (33792K), 1 survivors (1024K)
 Metaspace       used 64916K, capacity 66648K, committed 66808K, reserved 1107968K
  class space    used 7820K, capacity 8595K, committed 8704K, reserved 1048576K
}
Event: 1912.451 GC heap after
{Heap after GC invocations=36 (full 0):
 garbage-first heap   total 124928K, used 61271K [0x0000000086200000, 0x0000000100000000)
  region size 1024K, 1 young (1024K), 1 survivors (1024K)
 Metaspace       used 64916K, capacity 66648K, committed 66808K, reserved 1107968K
  class space    used 7820K, capacity 8595K, committed 8704K, reserved 1048576K
}
Event: 2702.545 GC heap before
{Heap before GC invocations=37 (full 0):
 garbage-first heap   total 124928K, used 100183K [0x0000000086200000, 0x0000000100000000)
  region size 1024K, 39 young (39936K), 1 survivors (1024K)
 Metaspace       used 64270K, capacity 65660K, committed 66808K, reserved 1107968K
  class space    used 7644K, capacity 8254K, committed 8704K, reserved 1048576K
}
Event: 2702.551 GC heap after
{Heap after GC invocations=38 (full 0):
 garbage-first heap   total 124928K, used 61228K [0x0000000086200000, 0x0000000100000000)
  region size 1024K, 1 young (1024K), 1 survivors (1024K)
 Metaspace       used 64270K, capacity 65660K, committed 66808K, reserved 1107968K
  class space    used 7644K, capacity 8254K, committed 8704K, reserved 1048576K
}
Event: 2862.408 GC heap before
{Heap before GC invocations=38 (full 0):
 garbage-first heap   total 124928K, used 66348K [0x0000000086200000, 0x0000000100000000)
  region size 1024K, 6 young (6144K), 1 survivors (1024K)
 Metaspace       used 64270K, capacity 65660K, committed 66808K, reserved 1107968K
  class space    used 7644K, capacity 8254K, committed 8704K, reserved 1048576K
}
Event: 2862.418 GC heap after
{Heap after GC invocations=39 (full 0):
 garbage-first heap   total 124928K, used 59534K [0x0000000086200000, 0x0000000100000000)
  region size 1024K, 1 young (1024K), 1 survivors (1024K)
 Metaspace       used 64270K, capacity 65660K, committed 66808K, reserved 1107968K
  class space    used 7644K, capacity 8254K, committed 8704K, reserved 1048576K
}
Event: 3730.336 GC heap before
{Heap before GC invocations=39 (full 0):
 garbage-first heap   total 124928K, used 102542K [0x0000000086200000, 0x0000000100000000)
  region size 1024K, 43 young (44032K), 1 survivors (1024K)
 Metaspace       used 64270K, capacity 65660K, committed 66808K, reserved 1107968K
  class space    used 7644K, capacity 8254K, committed 8704K, reserved 1048576K
}
Event: 3730.369 GC heap after
{Heap after GC invocations=40 (full 0):
 garbage-first heap   total 124928K, used 59534K [0x0000000086200000, 0x0000000100000000)
  region size 1024K, 1 young (1024K), 1 survivors (1024K)
 Metaspace       used 64270K, capacity 65660K, committed 66808K, reserved 1107968K
  class space    used 7644K, capacity 8254K, committed 8704K, reserved 1048576K
}

