# JRE version: OpenJDK Runtime Environment Corretto-17.0.9.8.1 (17.0.9+8) (build 17.0.9+8-LTS)
# Java VM: OpenJDK 64-Bit Server VM Corretto-17.0.9.8.1 (17.0.9+8-LTS, mixed mode, sharing, tiered, compressed oops, compressed class ptrs, g1 gc, linux-amd64)
GC Precious Log:
 CPUs: 8 total, 8 available
 Memory: 7793M
 Large Page Support: Disabled
 NUMA Support: Disabled
 Compressed Oops: Enabled (32-bit)
 Heap Region Size: 1M
 Heap Min Capacity: 8M
 Heap Initial Capacity: 122M
 Heap Max Capacity: 1950M
 Pre-touch: Disabled
 Parallel Workers: 8
 Concurrent Workers: 2
 Concurrent Refinement Workers: 8
 Periodic GC: Disabled
Heap:
 garbage-first heap   total 416768K, used 215833K [0x0000000086200000, 0x0000000100000000)
  region size 1024K, 28 young (28672K), 2 survivors (2048K)
 Metaspace       used 63395K, committed 63808K, reserved 1114112K
  class space    used 7695K, committed 7936K, reserved 1048576K
GC Heap History (20 events):
Event: 35.946 GC heap before
{Heap before GC invocations=14 (full 0):
 garbage-first heap   total 416768K, used 195772K [0x0000000086200000, 0x0000000100000000)
  region size 1024K, 6 young (6144K), 5 survivors (5120K)
 Metaspace       used 25707K, committed 25920K, reserved 1114112K
  class space    used 3450K, committed 3584K, reserved 1048576K
}
Event: 35.949 GC heap after
{Heap after GC invocations=15 (full 0):
 garbage-first heap   total 416768K, used 195747K [0x0000000086200000, 0x0000000100000000)
  region size 1024K, 5 young (5120K), 5 survivors (5120K)
 Metaspace       used 25707K, committed 25920K, reserved 1114112K
  class space    used 3450K, committed 3584K, reserved 1048576K
}
Event: 35.992 GC heap before
{Heap before GC invocations=16 (full 0):
 garbage-first heap   total 416768K, used 200867K [0x0000000086200000, 0x0000000100000000)
  region size 1024K, 7 young (7168K), 5 survivors (5120K)
 Metaspace       used 25770K, committed 26048K, reserved 1114112K
  class space    used 3454K, committed 3584K, reserved 1048576K
}
Event: 35.999 GC heap after
{Heap after GC invocations=17 (full 0):
 garbage-first heap   total 416768K, used 200404K [0x0000000086200000, 0x0000000100000000)
  region size 1024K, 5 young (5120K), 5 survivors (5120K)
 Metaspace       used 25770K, committed 26048K, reserved 1114112K
  class space    used 3454K, committed 3584K, reserved 1048576K
}
Event: 45.682 GC heap before
{Heap before GC invocations=18 (full 0):
 garbage-first heap   total 416768K, used 281300K [0x0000000086200000, 0x0000000100000000)
  region size 1024K, 83 young (84992K), 5 survivors (5120K)
 Metaspace       used 42932K, committed 43200K, reserved 1114112K
  class space    used 5324K, committed 5504K, reserved 1048576K
}
Event: 45.691 GC heap after
{Heap after GC invocations=19 (full 0):
 garbage-first heap   total 416768K, used 131538K [0x0000000086200000, 0x0000000100000000)
  region size 1024K, 10 young (10240K), 10 survivors (10240K)
 Metaspace       used 42932K, committed 43200K, reserved 1114112K
  class space    used 5324K, committed 5504K, reserved 1048576K
}
Event: 75.892 GC heap before
{Heap before GC invocations=20 (full 0):
 garbage-first heap   total 416768K, used 286162K [0x0000000086200000, 0x0000000100000000)
  region size 1024K, 152 young (155648K), 10 survivors (10240K)
 Metaspace       used 57705K, committed 58048K, reserved 1114112K
  class space    used 7147K, committed 7360K, reserved 1048576K
}
Event: 75.907 GC heap after
{Heap after GC invocations=21 (full 0):
 garbage-first heap   total 416768K, used 147588K [0x0000000086200000, 0x0000000100000000)
  region size 1024K, 19 young (19456K), 19 survivors (19456K)
 Metaspace       used 57705K, committed 58048K, reserved 1114112K
  class space    used 7147K, committed 7360K, reserved 1048576K
}
Event: 135.298 GC heap before
{Heap before GC invocations=21 (full 0):
 garbage-first heap   total 416768K, used 381060K [0x0000000086200000, 0x0000000100000000)
  region size 1024K, 194 young (198656K), 19 survivors (19456K)
 Metaspace       used 62456K, committed 62912K, reserved 1114112K
  class space    used 7639K, committed 7872K, reserved 1048576K
}
Event: 135.335 GC heap after
{Heap after GC invocations=22 (full 0):
 garbage-first heap   total 416768K, used 191616K [0x0000000086200000, 0x0000000100000000)
  region size 1024K, 14 young (14336K), 14 survivors (14336K)
 Metaspace       used 62456K, committed 62912K, reserved 1114112K
  class space    used 7639K, committed 7872K, reserved 1048576K
}
Event: 154.525 GC heap before
{Heap before GC invocations=22 (full 0):
 garbage-first heap   total 416768K, used 340096K [0x0000000086200000, 0x0000000100000000)
  region size 1024K, 160 young (163840K), 14 survivors (14336K)
 Metaspace       used 62618K, committed 63040K, reserved 1114112K
  class space    used 7639K, committed 7872K, reserved 1048576K
}
Event: 154.546 GC heap after
{Heap after GC invocations=23 (full 0):
 garbage-first heap   total 416768K, used 192402K [0x0000000086200000, 0x0000000100000000)
  region size 1024K, 7 young (7168K), 7 survivors (7168K)
 Metaspace       used 62618K, committed 63040K, reserved 1114112K
  class space    used 7639K, committed 7872K, reserved 1048576K
}
Event: 181.072 GC heap before
{Heap before GC invocations=23 (full 0):
 garbage-first heap   total 416768K, used 252818K [0x0000000086200000, 0x0000000100000000)
  region size 1024K, 68 young (69632K), 7 survivors (7168K)
 Metaspace       used 63178K, committed 63616K, reserved 1114112K
  class space    used 7693K, committed 7936K, reserved 1048576K
}
Event: 181.089 GC heap after
{Heap after GC invocations=24 (full 0):
 garbage-first heap   total 416768K, used 191733K [0x0000000086200000, 0x0000000100000000)
  region size 1024K, 6 young (6144K), 6 survivors (6144K)
 Metaspace       used 63178K, committed 63616K, reserved 1114112K
  class space    used 7693K, committed 7936K, reserved 1048576K
}
Event: 210.654 GC heap before
{Heap before GC invocations=24 (full 0):
 garbage-first heap   total 416768K, used 234741K [0x0000000086200000, 0x0000000100000000)
  region size 1024K, 46 young (47104K), 6 survivors (6144K)
 Metaspace       used 63243K, committed 63744K, reserved 1114112K
  class space    used 7693K, committed 7936K, reserved 1048576K
}
Event: 210.662 GC heap after
{Heap after GC invocations=25 (full 0):
 garbage-first heap   total 416768K, used 195643K [0x0000000086200000, 0x0000000100000000)
  region size 1024K, 6 young (6144K), 6 survivors (6144K)
 Metaspace       used 63243K, committed 63744K, reserved 1114112K
  class space    used 7693K, committed 7936K, reserved 1048576K
}
Event: 3477.069 GC heap before
{Heap before GC invocations=26 (full 0):
 garbage-first heap   total 416768K, used 351291K [0x0000000086200000, 0x0000000100000000)
  region size 1024K, 163 young (166912K), 6 survivors (6144K)
 Metaspace       used 63383K, committed 63808K, reserved 1114112K
  class space    used 7694K, committed 7936K, reserved 1048576K
}
Event: 3477.095 GC heap after
{Heap after GC invocations=27 (full 0):
 garbage-first heap   total 416768K, used 191501K [0x0000000086200000, 0x0000000100000000)
  region size 1024K, 7 young (7168K), 7 survivors (7168K)
 Metaspace       used 63383K, committed 63808K, reserved 1114112K
  class space    used 7694K, committed 7936K, reserved 1048576K
}
Event: 3749.521 GC heap before
{Heap before GC invocations=27 (full 0):
 garbage-first heap   total 416768K, used 204813K [0x0000000086200000, 0x0000000100000000)
  region size 1024K, 20 young (20480K), 7 survivors (7168K)
 Metaspace       used 63387K, committed 63808K, reserved 1114112K
  class space    used 7694K, committed 7936K, reserved 1048576K
}
Event: 3749.669 GC heap after
{Heap after GC invocations=28 (full 0):
 garbage-first heap   total 416768K, used 190233K [0x0000000086200000, 0x0000000100000000)
  region size 1024K, 2 young (2048K), 2 survivors (2048K)
 Metaspace       used 63387K, committed 63808K, reserved 1114112K
  class space    used 7694K, committed 7936K, reserved 1048576K
}

