# JRE version: OpenJDK Runtime Environment Corretto-17.0.9.8.1 (17.0.9+8) (build 17.0.9+8-LTS)
# Java VM: OpenJDK 64-Bit Server VM Corretto-17.0.9.8.1 (17.0.9+8-LTS, mixed mode, sharing, tiered, compressed oops, compressed class ptrs, g1 gc, linux-amd64)
GC Precious Log:
 CPUs: 8 total, 8 available
 Memory: 7793M
 Large Page Support: Disabled
 NUMA Support: Disabled
 Compressed Oops: Enabled (32-bit)
 Heap Region Size: 1M
 Heap Min Capacity: 8M
 Heap Initial Capacity: 122M
 Heap Max Capacity: 1950M
 Pre-touch: Disabled
 Parallel Workers: 8
 Concurrent Workers: 2
 Concurrent Refinement Workers: 8
 Periodic GC: Disabled
Heap:
 garbage-first heap   total 249856K, used 217687K [0x0000000086200000, 0x0000000100000000)
  region size 1024K, 27 young (27648K), 1 survivors (1024K)
 Metaspace       used 41712K, committed 42048K, reserved 1114112K
  class space    used 5331K, committed 5504K, reserved 1048576K
GC Heap History (20 events):
Event: 109.620 GC heap before
{Heap before GC invocations=5 (full 0):
 garbage-first heap   total 307200K, used 199284K [0x0000000086200000, 0x0000000100000000)
  region size 1024K, 3 young (3072K), 2 survivors (2048K)
 Metaspace       used 24919K, committed 25152K, reserved 1114112K
  class space    used 3338K, committed 3456K, reserved 1048576K
}
Event: 109.622 GC heap after
{Heap after GC invocations=6 (full 0):
 garbage-first heap   total 307200K, used 199557K [0x0000000086200000, 0x0000000100000000)
  region size 1024K, 3 young (3072K), 3 survivors (3072K)
 Metaspace       used 24919K, committed 25152K, reserved 1114112K
  class space    used 3338K, committed 3456K, reserved 1048576K
}
Event: 121.067 GC heap before
{Heap before GC invocations=7 (full 0):
 garbage-first heap   total 307200K, used 188293K [0x0000000086200000, 0x0000000100000000)
  region size 1024K, 54 young (55296K), 3 survivors (3072K)
 Metaspace       used 29695K, committed 29952K, reserved 1114112K
  class space    used 4102K, committed 4224K, reserved 1048576K
}
Event: 121.085 GC heap after
{Heap after GC invocations=8 (full 0):
 garbage-first heap   total 307200K, used 151085K [0x0000000086200000, 0x0000000100000000)
  region size 1024K, 7 young (7168K), 7 survivors (7168K)
 Metaspace       used 29695K, committed 29952K, reserved 1114112K
  class space    used 4102K, committed 4224K, reserved 1048576K
}
Event: 121.125 GC heap before
{Heap before GC invocations=8 (full 0):
 garbage-first heap   total 307200K, used 153133K [0x0000000086200000, 0x0000000100000000)
  region size 1024K, 10 young (10240K), 7 survivors (7168K)
 Metaspace       used 29723K, committed 29952K, reserved 1114112K
  class space    used 4104K, committed 4224K, reserved 1048576K
}
Event: 121.135 GC heap after
{Heap after GC invocations=9 (full 0):
 garbage-first heap   total 307200K, used 150995K [0x0000000086200000, 0x0000000100000000)
  region size 1024K, 2 young (2048K), 2 survivors (2048K)
 Metaspace       used 29723K, committed 29952K, reserved 1114112K
  class space    used 4104K, committed 4224K, reserved 1048576K
}
Event: 122.685 GC heap before
{Heap before GC invocations=10 (full 0):
 garbage-first heap   total 307200K, used 165331K [0x0000000086200000, 0x0000000100000000)
  region size 1024K, 17 young (17408K), 2 survivors (2048K)
 Metaspace       used 29872K, committed 30144K, reserved 1114112K
  class space    used 4106K, committed 4224K, reserved 1048576K
}
Event: 122.694 GC heap after
{Heap after GC invocations=11 (full 0):
 garbage-first heap   total 307200K, used 154126K [0x0000000086200000, 0x0000000100000000)
  region size 1024K, 7 young (7168K), 7 survivors (7168K)
 Metaspace       used 29872K, committed 30144K, reserved 1114112K
  class space    used 4106K, committed 4224K, reserved 1048576K
}
Event: 150.339 GC heap before
{Heap before GC invocations=12 (full 0):
 garbage-first heap   total 249856K, used 188942K [0x0000000086200000, 0x0000000100000000)
  region size 1024K, 71 young (72704K), 7 survivors (7168K)
 Metaspace       used 38941K, committed 39296K, reserved 1114112K
  class space    used 5078K, committed 5248K, reserved 1048576K
}
Event: 150.349 GC heap after
{Heap after GC invocations=13 (full 0):
 garbage-first heap   total 249856K, used 116749K [0x0000000086200000, 0x0000000100000000)
  region size 1024K, 7 young (7168K), 7 survivors (7168K)
 Metaspace       used 38941K, committed 39296K, reserved 1114112K
  class space    used 5078K, committed 5248K, reserved 1048576K
}
Event: 150.636 GC heap before
{Heap before GC invocations=13 (full 0):
 garbage-first heap   total 249856K, used 120845K [0x0000000086200000, 0x0000000100000000)
  region size 1024K, 12 young (12288K), 7 survivors (7168K)
 Metaspace       used 38968K, committed 39360K, reserved 1114112K
  class space    used 5078K, committed 5248K, reserved 1048576K
}
Event: 150.642 GC heap after
{Heap after GC invocations=14 (full 0):
 garbage-first heap   total 249856K, used 116874K [0x0000000086200000, 0x0000000100000000)
  region size 1024K, 2 young (2048K), 2 survivors (2048K)
 Metaspace       used 38968K, committed 39360K, reserved 1114112K
  class space    used 5078K, committed 5248K, reserved 1048576K
}
Event: 244.275 GC heap before
{Heap before GC invocations=14 (full 0):
 garbage-first heap   total 249856K, used 176266K [0x0000000086200000, 0x0000000100000000)
  region size 1024K, 62 young (63488K), 2 survivors (2048K)
 Metaspace       used 39337K, committed 39680K, reserved 1114112K
  class space    used 5097K, committed 5248K, reserved 1048576K
}
Event: 244.281 GC heap after
{Heap after GC invocations=15 (full 0):
 garbage-first heap   total 249856K, used 115758K [0x0000000086200000, 0x0000000100000000)
  region size 1024K, 1 young (1024K), 1 survivors (1024K)
 Metaspace       used 39337K, committed 39680K, reserved 1114112K
  class space    used 5097K, committed 5248K, reserved 1048576K
}
Event: 248.454 GC heap before
{Heap before GC invocations=16 (full 0):
 garbage-first heap   total 249856K, used 191534K [0x0000000086200000, 0x0000000100000000)
  region size 1024K, 76 young (77824K), 1 survivors (1024K)
 Metaspace       used 40013K, committed 40320K, reserved 1114112K
  class space    used 5131K, committed 5248K, reserved 1048576K
}
Event: 248.456 GC heap after
{Heap after GC invocations=17 (full 0):
 garbage-first heap   total 249856K, used 116526K [0x0000000086200000, 0x0000000100000000)
  region size 1024K, 2 young (2048K), 2 survivors (2048K)
 Metaspace       used 40013K, committed 40320K, reserved 1114112K
  class space    used 5131K, committed 5248K, reserved 1048576K
}
Event: 254.892 GC heap before
{Heap before GC invocations=17 (full 0):
 garbage-first heap   total 249856K, used 125742K [0x0000000086200000, 0x0000000100000000)
  region size 1024K, 12 young (12288K), 2 survivors (2048K)
 Metaspace       used 40479K, committed 40768K, reserved 1114112K
  class space    used 5236K, committed 5376K, reserved 1048576K
}
Event: 254.895 GC heap after
{Heap after GC invocations=18 (full 0):
 garbage-first heap   total 249856K, used 114181K [0x0000000086200000, 0x0000000100000000)
  region size 1024K, 1 young (1024K), 1 survivors (1024K)
 Metaspace       used 40479K, committed 40768K, reserved 1114112K
  class space    used 5236K, committed 5376K, reserved 1048576K
}
Event: 259.154 GC heap before
{Heap before GC invocations=18 (full 0):
 garbage-first heap   total 249856K, used 116229K [0x0000000086200000, 0x0000000100000000)
  region size 1024K, 4 young (4096K), 1 survivors (1024K)
 Metaspace       used 40508K, committed 40832K, reserved 1114112K
  class space    used 5239K, committed 5376K, reserved 1048576K
}
Event: 259.157 GC heap after
{Heap after GC invocations=19 (full 0):
 garbage-first heap   total 249856K, used 114263K [0x0000000086200000, 0x0000000100000000)
  region size 1024K, 1 young (1024K), 1 survivors (1024K)
 Metaspace       used 40508K, committed 40832K, reserved 1114112K
  class space    used 5239K, committed 5376K, reserved 1048576K
}

