# JRE version: Java(TM) SE Runtime Environment 18.9 (11.0.17+10) (build 11.0.17+10-LTS-269)
# Java VM: Java HotSpot(TM) 64-Bit Server VM 18.9 (11.0.17+10-LTS-269, mixed mode, tiered, compressed oops, g1 gc, linux-amd64)
Heap:
 garbage-first heap   total 124928K, used 68383K [0x0000000086200000, 0x0000000100000000)
  region size 1024K, 13 young (13312K), 1 survivors (1024K)
 Metaspace       used 66743K, capacity 68732K, committed 68900K, reserved 1110016K
  class space    used 7953K, capacity 8806K, committed 8832K, reserved 1048576K
GC Heap History (10 events):
Event: 56.465 GC heap before
{Heap before GC invocations=25 (full 0):
 garbage-first heap   total 124928K, used 74606K [0x0000000086200000, 0x0000000100000000)
  region size 1024K, 39 young (39936K), 5 survivors (5120K)
 Metaspace       used 64493K, capacity 66271K, committed 66340K, reserved 1107968K
  class space    used 7776K, capacity 8525K, committed 8576K, reserved 1048576K
}
Event: 56.488 GC heap after
{Heap after GC invocations=26 (full 0):
 garbage-first heap   total 124928K, used 42159K [0x0000000086200000, 0x0000000100000000)
  region size 1024K, 2 young (2048K), 2 survivors (2048K)
 Metaspace       used 64493K, capacity 66271K, committed 66340K, reserved 1107968K
  class space    used 7776K, capacity 8525K, committed 8576K, reserved 1048576K
}
Event: 116.221 GC heap before
{Heap before GC invocations=27 (full 0):
 garbage-first heap   total 124928K, used 92335K [0x0000000086200000, 0x0000000100000000)
  region size 1024K, 42 young (43008K), 2 survivors (2048K)
 Metaspace       used 66071K, capacity 68057K, committed 68132K, reserved 1107968K
  class space    used 7926K, capacity 8759K, committed 8832K, reserved 1048576K
}
Event: 116.233 GC heap after
{Heap after GC invocations=28 (full 0):
 garbage-first heap   total 124928K, used 63352K [0x0000000086200000, 0x0000000100000000)
  region size 1024K, 6 young (6144K), 6 survivors (6144K)
 Metaspace       used 66071K, capacity 68057K, committed 68132K, reserved 1107968K
  class space    used 7926K, capacity 8759K, committed 8832K, reserved 1048576K
}
Event: 147.351 GC heap before
{Heap before GC invocations=28 (full 0):
 garbage-first heap   total 124928K, used 93048K [0x0000000086200000, 0x0000000100000000)
  region size 1024K, 35 young (35840K), 6 survivors (6144K)
 Metaspace       used 66609K, capacity 68572K, committed 68900K, reserved 1110016K
  class space    used 7950K, capacity 8774K, committed 8832K, reserved 1048576K
}
Event: 147.366 GC heap after
{Heap after GC invocations=29 (full 0):
 garbage-first heap   total 124928K, used 69084K [0x0000000086200000, 0x0000000100000000)
  region size 1024K, 5 young (5120K), 5 survivors (5120K)
 Metaspace       used 66609K, capacity 68572K, committed 68900K, reserved 1110016K
  class space    used 7950K, capacity 8774K, committed 8832K, reserved 1048576K
}
Event: 608.152 GC heap before
{Heap before GC invocations=30 (full 0):
 garbage-first heap   total 124928K, used 85468K [0x0000000086200000, 0x0000000100000000)
  region size 1024K, 30 young (30720K), 5 survivors (5120K)
 Metaspace       used 66713K, capacity 68700K, committed 68900K, reserved 1110016K
  class space    used 7951K, capacity 8774K, committed 8832K, reserved 1048576K
}
Event: 608.168 GC heap after
{Heap after GC invocations=31 (full 0):
 garbage-first heap   total 124928K, used 61142K [0x0000000086200000, 0x0000000100000000)
  region size 1024K, 1 young (1024K), 1 survivors (1024K)
 Metaspace       used 66713K, capacity 68700K, committed 68900K, reserved 1110016K
  class space    used 7951K, capacity 8774K, committed 8832K, reserved 1048576K
}
Event: 701.167 GC heap before
{Heap before GC invocations=31 (full 0):
 garbage-first heap   total 124928K, used 66262K [0x0000000086200000, 0x0000000100000000)
  region size 1024K, 6 young (6144K), 1 survivors (1024K)
 Metaspace       used 66713K, capacity 68700K, committed 68900K, reserved 1110016K
  class space    used 7951K, capacity 8774K, committed 8832K, reserved 1048576K
}
Event: 701.172 GC heap after
{Heap after GC invocations=32 (full 0):
 garbage-first heap   total 124928K, used 57119K [0x0000000086200000, 0x0000000100000000)
  region size 1024K, 1 young (1024K), 1 survivors (1024K)
 Metaspace       used 66713K, capacity 68700K, committed 68900K, reserved 1110016K
  class space    used 7951K, capacity 8774K, committed 8832K, reserved 1048576K
}

